<?xml version="1.0" encoding="UTF-8"?>
<!-- Generated by org.testng.reporters.JUnitXMLReporter -->
<testsuite hostname="Sumiths-MBP-2.attlocal.net" ignored="0" name="Default test" tests="3" failures="0" timestamp="2022-03-02T19:33:27 CST" time="10.645" errors="0">
  <testcase name="GoogleLink" time="4.127" classname="com.Framework.GoogleTest"/>
  <testcase name="GoogleLink" time="3.338" classname="com.Framework.GoogleTest"/>
  <testcase name="orangeHrLink" time="3.134" classname="com.Framework.HRMTest"/>
</testsuite> <!-- Default test -->
