<?xml version="1.0" encoding="UTF-8"?>
<!-- Generated by org.testng.reporters.JUnitXMLReporter -->
<testsuite hostname="Sumiths-MBP-2.attlocal.net" ignored="0" name="Default test" tests="3" failures="0" timestamp="2022-03-09T19:14:47 CST" time="19.173" errors="0">
  <testcase name="orangeHrmLogin" time="9.298" classname="com.Framework.ExeclDataParactice2"/>
  <testcase name="orangeHrmLogin" time="4.61" classname="com.Framework.ExeclDataParactice2"/>
  <testcase name="orangeHrmLogin" time="4.531" classname="com.Framework.ExeclDataParactice2"/>
</testsuite> <!-- Default test -->
