<?xml version="1.0" encoding="UTF-8"?>
<!-- Generated by org.testng.reporters.JUnitXMLReporter -->
<testsuite hostname="Sumiths-MBP-2.attlocal.net" ignored="6" name="Test" tests="5" failures="0" timestamp="2022-03-02T19:11:16 CST" time="16.653" errors="0">
  <testcase name="red" time="0.01" classname="com.Framework.PriorityAttributeTest"/>
  <testcase name="blue" time="0.01" classname="com.Framework.DependsOnMehodsTest"/>
  <testcase name="pink" time="0.001" classname="com.Framework.DependsOnMehodsTest"/>
  <testcase name="red" time="0.002" classname="com.Framework.DependsOnMehodsTest"/>
  <testcase name="alertHandling" time="16.598" classname="com.Framework.AlertTest"/>
  <testcase name="orangeHrLink" time="0.0" classname="com.Framework.HRMTest">
    <ignored/>
  </testcase> <!-- orangeHrLink -->
  <testcase name="blue" time="0.0" classname="com.Framework.PriorityAttributeTest">
    <ignored/>
  </testcase> <!-- blue -->
  <testcase name="radioButtonHandling" time="0.0" classname="com.Framework.RadioButtonTest">
    <ignored/>
  </testcase> <!-- radioButtonHandling -->
  <testcase name="GoogleLink" time="0.0" classname="com.Framework.GoogleTest">
    <ignored/>
  </testcase> <!-- GoogleLink -->
  <testcase name="GoogleLink" time="0.0" classname="com.Framework.GoogleTest">
    <ignored/>
  </testcase> <!-- GoogleLink -->
  <testcase name="pink" time="0.0" classname="com.Framework.PriorityAttributeTest">
    <ignored/>
  </testcase> <!-- pink -->
</testsuite> <!-- Test -->
