<?xml version="1.0" encoding="UTF-8"?>
<!-- Generated by org.testng.reporters.JUnitXMLReporter -->
<testsuite hostname="Sumiths-MBP-2.attlocal.net" ignored="6" name="Test" tests="5" failures="0" timestamp="04 Mar 2022 16:25:51 GMT" time="21.543" errors="0">
  <testcase name="blue" time="0.005" classname="com.Framework.DependsOnMehodsTest"/>
  <testcase name="pink" time="0.0" classname="com.Framework.DependsOnMehodsTest"/>
  <testcase name="red" time="0.0" classname="com.Framework.DependsOnMehodsTest"/>
  <testcase name="alertHandling" time="21.512" classname="com.Framework.AlertTest"/>
  <testcase name="red" time="0.001" classname="com.Framework.PriorityAttributeTest"/>
  <testcase name="orangeHrLink" time="0.0" classname="com.Framework.HRMTest">
    <ignored/>
  </testcase> <!-- orangeHrLink -->
  <testcase name="radioButtonHandling" time="0.0" classname="com.Framework.RadioButtonTest">
    <ignored/>
  </testcase> <!-- radioButtonHandling -->
  <testcase name="blue" time="0.0" classname="com.Framework.PriorityAttributeTest">
    <ignored/>
  </testcase> <!-- blue -->
  <testcase name="pink" time="0.0" classname="com.Framework.PriorityAttributeTest">
    <ignored/>
  </testcase> <!-- pink -->
  <testcase name="GoogleLink" time="0.0" classname="com.Framework.GoogleTest">
    <ignored/>
  </testcase> <!-- GoogleLink -->
  <testcase name="GoogleLink" time="0.0" classname="com.Framework.GoogleTest">
    <ignored/>
  </testcase> <!-- GoogleLink -->
</testsuite> <!-- Test -->
