<?xml version="1.0" encoding="UTF-8"?>
<testng-results skipped="0" failed="1" ignored="6" total="11" passed="4">
  <reporter-output>
  </reporter-output>
  <suite name="Suite" duration-ms="18884" started-at="2022-03-09T15:55:46Z" finished-at="2022-03-09T15:56:05Z">
    <groups>
      <group name="regression">
        <method signature="AlertTest.alertHandling()[pri:0, instance:com.Framework.AlertTest@4f51b3e0]" name="alertHandling" class="com.Framework.AlertTest"/>
        <method signature="DependsOnMehodsTest.red()[pri:0, instance:com.Framework.DependsOnMehodsTest@1e4a7dd4]" name="red" class="com.Framework.DependsOnMehodsTest"/>
        <method signature="PriorityAttributeTest.red()[pri:2, instance:com.Framework.PriorityAttributeTest@48a242ce]" name="red" class="com.Framework.PriorityAttributeTest"/>
      </group> <!-- regression -->
    </groups>
    <test name="Test" duration-ms="18884" started-at="2022-03-09T15:55:46Z" finished-at="2022-03-09T15:56:05Z">
      <class name="com.Framework.AlertTest">
        <test-method status="FAIL" signature="alertHandling()[pri:0, instance:com.Framework.AlertTest@4f51b3e0]" name="alertHandling" duration-ms="18851" started-at="2022-03-09T15:55:47Z" finished-at="2022-03-09T15:56:05Z">
          <exception class="org.openqa.selenium.WebDriverException">
            <message>
              <![CDATA[chrome not reachable
  (Session info: chrome=99.0.4844.51)
Build info: version: '3.141.59', revision: 'e82be7d358', time: '2018-11-14T08:17:03'
System info: host: 'Sumiths-MBP-2.attlocal.net', ip: '2600:1700:a000:16a0:0:0:0:42%en0', os.name: 'Mac OS X', os.arch: 'x86_64', os.version: '10.16', java.version: '1.8.0_171'
Driver info: org.openqa.selenium.chrome.ChromeDriver
Capabilities {acceptInsecureCerts: false, browserName: chrome, browserVersion: 99.0.4844.51, chrome: {chromedriverVersion: 98.0.4758.102 (273bf7ac8c90..., userDataDir: /var/folders/t8/d0ppgv212yn...}, goog:chromeOptions: {debuggerAddress: localhost:55692}, javascriptEnabled: true, networkConnectionEnabled: false, pageLoadStrategy: normal, platform: MAC, platformName: MAC, proxy: Proxy(), setWindowRect: true, strictFileInteractability: false, timeouts: {implicit: 0, pageLoad: 300000, script: 30000}, unhandledPromptBehavior: dismiss and notify, webauthn:extension:credBlob: true, webauthn:extension:largeBlob: true, webauthn:virtualAuthenticators: true}
Session ID: 7ca684ce757dadec9cf2381222919ae9]]>
            </message>
            <full-stacktrace>
              <![CDATA[org.openqa.selenium.WebDriverException: chrome not reachable
  (Session info: chrome=99.0.4844.51)
Build info: version: '3.141.59', revision: 'e82be7d358', time: '2018-11-14T08:17:03'
System info: host: 'Sumiths-MBP-2.attlocal.net', ip: '2600:1700:a000:16a0:0:0:0:42%en0', os.name: 'Mac OS X', os.arch: 'x86_64', os.version: '10.16', java.version: '1.8.0_171'
Driver info: org.openqa.selenium.chrome.ChromeDriver
Capabilities {acceptInsecureCerts: false, browserName: chrome, browserVersion: 99.0.4844.51, chrome: {chromedriverVersion: 98.0.4758.102 (273bf7ac8c90..., userDataDir: /var/folders/t8/d0ppgv212yn...}, goog:chromeOptions: {debuggerAddress: localhost:55692}, javascriptEnabled: true, networkConnectionEnabled: false, pageLoadStrategy: normal, platform: MAC, platformName: MAC, proxy: Proxy(), setWindowRect: true, strictFileInteractability: false, timeouts: {implicit: 0, pageLoad: 300000, script: 30000}, unhandledPromptBehavior: dismiss and notify, webauthn:extension:credBlob: true, webauthn:extension:largeBlob: true, webauthn:virtualAuthenticators: true}
Session ID: 7ca684ce757dadec9cf2381222919ae9
at sun.reflect.NativeConstructorAccessorImpl.newInstance0(Native Method)
at sun.reflect.NativeConstructorAccessorImpl.newInstance(NativeConstructorAccessorImpl.java:62)
at sun.reflect.DelegatingConstructorAccessorImpl.newInstance(DelegatingConstructorAccessorImpl.java:45)
at java.lang.reflect.Constructor.newInstance(Constructor.java:423)
at org.openqa.selenium.remote.http.W3CHttpResponseCodec.createException(W3CHttpResponseCodec.java:187)
at org.openqa.selenium.remote.http.W3CHttpResponseCodec.decode(W3CHttpResponseCodec.java:122)
at org.openqa.selenium.remote.http.W3CHttpResponseCodec.decode(W3CHttpResponseCodec.java:49)
at org.openqa.selenium.remote.HttpCommandExecutor.execute(HttpCommandExecutor.java:158)
at org.openqa.selenium.remote.service.DriverCommandExecutor.execute(DriverCommandExecutor.java:83)
at org.openqa.selenium.remote.RemoteWebDriver.execute(RemoteWebDriver.java:552)
at org.openqa.selenium.remote.RemoteWebDriver$RemoteAlert.sendKeys(RemoteWebDriver.java:963)
at com.Framework.AlertTest.alertHandling(AlertTest.java:30)
at sun.reflect.NativeMethodAccessorImpl.invoke0(Native Method)
at sun.reflect.NativeMethodAccessorImpl.invoke(NativeMethodAccessorImpl.java:62)
at sun.reflect.DelegatingMethodAccessorImpl.invoke(DelegatingMethodAccessorImpl.java:43)
at java.lang.reflect.Method.invoke(Method.java:498)
at org.testng.internal.MethodInvocationHelper.invokeMethod(MethodInvocationHelper.java:124)
at org.testng.internal.Invoker.invokeMethod(Invoker.java:583)
at org.testng.internal.Invoker.invokeTestMethod(Invoker.java:719)
at org.testng.internal.Invoker.invokeTestMethods(Invoker.java:989)
at org.testng.internal.TestMethodWorker.invokeTestMethods(TestMethodWorker.java:125)
at org.testng.internal.TestMethodWorker.run(TestMethodWorker.java:109)
at java.util.concurrent.ThreadPoolExecutor.runWorker(ThreadPoolExecutor.java:1149)
at java.util.concurrent.ThreadPoolExecutor$Worker.run(ThreadPoolExecutor.java:624)
at java.lang.Thread.run(Thread.java:748)
]]>
            </full-stacktrace>
          </exception> <!-- org.openqa.selenium.WebDriverException -->
          <reporter-output>
          </reporter-output>
        </test-method> <!-- alertHandling -->
      </class> <!-- com.Framework.AlertTest -->
      <class name="com.Framework.DependsOnMehodsTest">
        <test-method status="PASS" signature="blue()[pri:0, instance:com.Framework.DependsOnMehodsTest@1e4a7dd4]" name="blue" duration-ms="7" started-at="2022-03-09T15:55:47Z" finished-at="2022-03-09T15:55:47Z">
          <reporter-output>
          </reporter-output>
        </test-method> <!-- blue -->
        <test-method status="PASS" signature="pink()[pri:0, instance:com.Framework.DependsOnMehodsTest@1e4a7dd4]" name="pink" duration-ms="0" started-at="2022-03-09T15:55:47Z" depends-on-methods="com.Framework.DependsOnMehodsTest.blue" finished-at="2022-03-09T15:55:47Z">
          <reporter-output>
          </reporter-output>
        </test-method> <!-- pink -->
        <test-method status="PASS" signature="red()[pri:0, instance:com.Framework.DependsOnMehodsTest@1e4a7dd4]" name="red" duration-ms="0" started-at="2022-03-09T15:55:47Z" depends-on-methods="com.Framework.DependsOnMehodsTest.pink" finished-at="2022-03-09T15:55:47Z">
          <reporter-output>
          </reporter-output>
        </test-method> <!-- red -->
      </class> <!-- com.Framework.DependsOnMehodsTest -->
      <class name="com.Framework.PriorityAttributeTest">
        <test-method status="PASS" signature="red()[pri:2, instance:com.Framework.PriorityAttributeTest@48a242ce]" name="red" duration-ms="0" started-at="2022-03-09T15:56:05Z" finished-at="2022-03-09T15:56:05Z">
          <reporter-output>
          </reporter-output>
        </test-method> <!-- red -->
      </class> <!-- com.Framework.PriorityAttributeTest -->
    </test> <!-- Test -->
  </suite> <!-- Suite -->
</testng-results>
