<?xml version="1.0" encoding="UTF-8"?>
<testng-results skipped="0" failed="0" ignored="0" total="3" passed="3">
  <reporter-output>
  </reporter-output>
  <suite name="Default suite" duration-ms="10645" started-at="2022-03-02T19:33:17 CST" finished-at="2022-03-02T19:33:27 CST">
    <groups>
      <group name="smoke">
        <method signature="HRMTest.orangeHrLink()[pri:0, instance:com.Framework.HRMTest@4493d195]" name="orangeHrLink" class="com.Framework.HRMTest"/>
      </group> <!-- smoke -->
    </groups>
    <test name="Default test" duration-ms="10645" started-at="2022-03-02T19:33:17 CST" finished-at="2022-03-02T19:33:27 CST">
      <class name="com.Framework.GoogleTest">
        <test-method status="PASS" signature="GoogleLink()[pri:0, instance:com.Framework.GoogleTest@17579e0f]" name="GoogleLink" duration-ms="4127" started-at="2022-03-02T19:33:17 CST" finished-at="2022-03-02T19:33:21 CST">
          <reporter-output>
          </reporter-output>
        </test-method> <!-- GoogleLink -->
      </class> <!-- com.Framework.GoogleTest -->
      <class name="com.Framework.HRMTest">
        <test-method status="PASS" signature="GoogleLink()[pri:0, instance:com.Framework.HRMTest@4493d195]" name="GoogleLink" duration-ms="3338" started-at="2022-03-02T19:33:21 CST" finished-at="2022-03-02T19:33:24 CST">
          <reporter-output>
          </reporter-output>
        </test-method> <!-- GoogleLink -->
        <test-method status="PASS" signature="orangeHrLink()[pri:0, instance:com.Framework.HRMTest@4493d195]" name="orangeHrLink" duration-ms="3134" started-at="2022-03-02T19:33:24 CST" depends-on-methods="com.Framework.GoogleTest.GoogleLink" finished-at="2022-03-02T19:33:27 CST">
          <reporter-output>
          </reporter-output>
        </test-method> <!-- orangeHrLink -->
      </class> <!-- com.Framework.HRMTest -->
    </test> <!-- Default test -->
  </suite> <!-- Default suite -->
</testng-results>
